[2023-04-24T16:43:15.864+0000] {processor.py:154} INFO - Started process (PID=76) to work on /home/airflow/.local/lib/python3.7/site-packages/airflow/example_dags/example_subdag_operator.py
[2023-04-24T16:43:15.880+0000] {processor.py:756} INFO - Processing file /home/airflow/.local/lib/python3.7/site-packages/airflow/example_dags/example_subdag_operator.py for tasks to queue
[2023-04-24T16:43:15.899+0000] {logging_mixin.py:120} INFO - [2023-04-24T16:43:15.899+0000] {dagbag.py:537} INFO - Filling up the DagBag from /home/airflow/.local/lib/python3.7/site-packages/airflow/example_dags/example_subdag_operator.py
[2023-04-24T16:43:16.219+0000] {processor.py:766} INFO - DAG(s) dict_keys(['example_subdag_operator.section-1', 'example_subdag_operator.section-2', 'example_subdag_operator']) retrieved from /home/airflow/.local/lib/python3.7/site-packages/airflow/example_dags/example_subdag_operator.py
[2023-04-24T16:43:17.485+0000] {logging_mixin.py:120} INFO - [2023-04-24T16:43:17.485+0000] {dag.py:2585} INFO - Sync 3 DAGs
[2023-04-24T16:43:17.646+0000] {logging_mixin.py:120} INFO - [2023-04-24T16:43:17.646+0000] {dag.py:3340} INFO - Setting next_dagrun for example_subdag_operator to 2022-01-01T00:00:00+00:00, run_after=2022-01-01T00:00:00+00:00
[2023-04-24T16:43:17.673+0000] {logging_mixin.py:120} INFO - [2023-04-24T16:43:17.673+0000] {dag.py:3340} INFO - Setting next_dagrun for example_subdag_operator.section-1 to None, run_after=None
[2023-04-24T16:43:17.684+0000] {logging_mixin.py:120} INFO - [2023-04-24T16:43:17.684+0000] {dag.py:3340} INFO - Setting next_dagrun for example_subdag_operator.section-2 to None, run_after=None
[2023-04-24T16:43:17.747+0000] {logging_mixin.py:120} INFO - [2023-04-24T16:43:17.746+0000] {dag.py:2585} INFO - Sync 2 DAGs
[2023-04-24T16:43:17.800+0000] {logging_mixin.py:120} INFO - [2023-04-24T16:43:17.800+0000] {dag.py:3340} INFO - Setting next_dagrun for example_subdag_operator.section-1 to None, run_after=None
[2023-04-24T16:43:17.805+0000] {logging_mixin.py:120} INFO - [2023-04-24T16:43:17.804+0000] {dag.py:3340} INFO - Setting next_dagrun for example_subdag_operator.section-2 to None, run_after=None
[2023-04-24T16:43:17.874+0000] {processor.py:176} INFO - Processing /home/airflow/.local/lib/python3.7/site-packages/airflow/example_dags/example_subdag_operator.py took 2.024 seconds
[2023-04-24T16:43:48.066+0000] {processor.py:154} INFO - Started process (PID=130) to work on /home/airflow/.local/lib/python3.7/site-packages/airflow/example_dags/example_subdag_operator.py
[2023-04-24T16:43:48.069+0000] {processor.py:756} INFO - Processing file /home/airflow/.local/lib/python3.7/site-packages/airflow/example_dags/example_subdag_operator.py for tasks to queue
[2023-04-24T16:43:48.072+0000] {logging_mixin.py:120} INFO - [2023-04-24T16:43:48.071+0000] {dagbag.py:537} INFO - Filling up the DagBag from /home/airflow/.local/lib/python3.7/site-packages/airflow/example_dags/example_subdag_operator.py
[2023-04-24T16:43:48.132+0000] {processor.py:766} INFO - DAG(s) dict_keys(['example_subdag_operator.section-1', 'example_subdag_operator.section-2', 'example_subdag_operator']) retrieved from /home/airflow/.local/lib/python3.7/site-packages/airflow/example_dags/example_subdag_operator.py
[2023-04-24T16:43:48.466+0000] {logging_mixin.py:120} INFO - [2023-04-24T16:43:48.465+0000] {dag.py:2585} INFO - Sync 3 DAGs
[2023-04-24T16:43:48.519+0000] {logging_mixin.py:120} INFO - [2023-04-24T16:43:48.519+0000] {dag.py:3340} INFO - Setting next_dagrun for example_subdag_operator to 2022-01-01T00:00:00+00:00, run_after=2022-01-01T00:00:00+00:00
[2023-04-24T16:43:48.532+0000] {logging_mixin.py:120} INFO - [2023-04-24T16:43:48.532+0000] {dag.py:3340} INFO - Setting next_dagrun for example_subdag_operator.section-1 to None, run_after=None
[2023-04-24T16:43:48.555+0000] {logging_mixin.py:120} INFO - [2023-04-24T16:43:48.554+0000] {dag.py:3340} INFO - Setting next_dagrun for example_subdag_operator.section-2 to None, run_after=None
[2023-04-24T16:43:48.581+0000] {logging_mixin.py:120} INFO - [2023-04-24T16:43:48.581+0000] {dag.py:2585} INFO - Sync 2 DAGs
[2023-04-24T16:43:48.613+0000] {logging_mixin.py:120} INFO - [2023-04-24T16:43:48.613+0000] {dag.py:3340} INFO - Setting next_dagrun for example_subdag_operator.section-1 to None, run_after=None
[2023-04-24T16:43:48.616+0000] {logging_mixin.py:120} INFO - [2023-04-24T16:43:48.615+0000] {dag.py:3340} INFO - Setting next_dagrun for example_subdag_operator.section-2 to None, run_after=None
[2023-04-24T16:43:48.640+0000] {processor.py:176} INFO - Processing /home/airflow/.local/lib/python3.7/site-packages/airflow/example_dags/example_subdag_operator.py took 0.586 seconds
