[2023-04-24T16:43:10.130+0000] {processor.py:154} INFO - Started process (PID=57) to work on /home/airflow/.local/lib/python3.7/site-packages/airflow/example_dags/example_datasets.py
[2023-04-24T16:43:10.134+0000] {processor.py:756} INFO - Processing file /home/airflow/.local/lib/python3.7/site-packages/airflow/example_dags/example_datasets.py for tasks to queue
[2023-04-24T16:43:10.135+0000] {logging_mixin.py:120} INFO - [2023-04-24T16:43:10.135+0000] {dagbag.py:537} INFO - Filling up the DagBag from /home/airflow/.local/lib/python3.7/site-packages/airflow/example_dags/example_datasets.py
[2023-04-24T16:43:10.213+0000] {processor.py:766} INFO - DAG(s) dict_keys(['dataset_consumes_1_and_2', 'dataset_produces_2', 'dataset_consumes_1', 'dataset_consumes_unknown_never_scheduled', 'dataset_produces_1', 'dataset_consumes_1_never_scheduled']) retrieved from /home/airflow/.local/lib/python3.7/site-packages/airflow/example_dags/example_datasets.py
[2023-04-24T16:43:10.968+0000] {logging_mixin.py:120} INFO - [2023-04-24T16:43:10.968+0000] {dag.py:2585} INFO - Sync 6 DAGs
[2023-04-24T16:43:11.160+0000] {logging_mixin.py:120} INFO - [2023-04-24T16:43:11.160+0000] {dag.py:3340} INFO - Setting next_dagrun for dataset_consumes_1 to None, run_after=None
[2023-04-24T16:43:11.188+0000] {logging_mixin.py:120} INFO - [2023-04-24T16:43:11.188+0000] {dag.py:3340} INFO - Setting next_dagrun for dataset_consumes_1_and_2 to None, run_after=None
[2023-04-24T16:43:11.196+0000] {logging_mixin.py:120} INFO - [2023-04-24T16:43:11.195+0000] {dag.py:3340} INFO - Setting next_dagrun for dataset_consumes_1_never_scheduled to None, run_after=None
[2023-04-24T16:43:11.210+0000] {logging_mixin.py:120} INFO - [2023-04-24T16:43:11.210+0000] {dag.py:3340} INFO - Setting next_dagrun for dataset_consumes_unknown_never_scheduled to None, run_after=None
[2023-04-24T16:43:11.230+0000] {logging_mixin.py:120} INFO - [2023-04-24T16:43:11.230+0000] {dag.py:3340} INFO - Setting next_dagrun for dataset_produces_1 to 2023-04-23T00:00:00+00:00, run_after=2023-04-24T00:00:00+00:00
[2023-04-24T16:43:11.246+0000] {logging_mixin.py:120} INFO - [2023-04-24T16:43:11.245+0000] {dag.py:3340} INFO - Setting next_dagrun for dataset_produces_2 to None, run_after=None
[2023-04-24T16:43:11.458+0000] {processor.py:176} INFO - Processing /home/airflow/.local/lib/python3.7/site-packages/airflow/example_dags/example_datasets.py took 1.337 seconds
[2023-04-24T16:43:42.428+0000] {processor.py:154} INFO - Started process (PID=110) to work on /home/airflow/.local/lib/python3.7/site-packages/airflow/example_dags/example_datasets.py
[2023-04-24T16:43:42.440+0000] {processor.py:756} INFO - Processing file /home/airflow/.local/lib/python3.7/site-packages/airflow/example_dags/example_datasets.py for tasks to queue
[2023-04-24T16:43:42.449+0000] {logging_mixin.py:120} INFO - [2023-04-24T16:43:42.449+0000] {dagbag.py:537} INFO - Filling up the DagBag from /home/airflow/.local/lib/python3.7/site-packages/airflow/example_dags/example_datasets.py
[2023-04-24T16:43:42.498+0000] {processor.py:766} INFO - DAG(s) dict_keys(['dataset_consumes_unknown_never_scheduled', 'dataset_produces_2', 'dataset_consumes_1_never_scheduled', 'dataset_consumes_1', 'dataset_produces_1', 'dataset_consumes_1_and_2']) retrieved from /home/airflow/.local/lib/python3.7/site-packages/airflow/example_dags/example_datasets.py
[2023-04-24T16:43:42.679+0000] {logging_mixin.py:120} INFO - [2023-04-24T16:43:42.679+0000] {dag.py:2585} INFO - Sync 6 DAGs
[2023-04-24T16:43:42.808+0000] {logging_mixin.py:120} INFO - [2023-04-24T16:43:42.808+0000] {dag.py:3340} INFO - Setting next_dagrun for dataset_consumes_1 to None, run_after=None
[2023-04-24T16:43:42.820+0000] {logging_mixin.py:120} INFO - [2023-04-24T16:43:42.819+0000] {dag.py:3340} INFO - Setting next_dagrun for dataset_consumes_1_and_2 to None, run_after=None
[2023-04-24T16:43:42.830+0000] {logging_mixin.py:120} INFO - [2023-04-24T16:43:42.830+0000] {dag.py:3340} INFO - Setting next_dagrun for dataset_consumes_1_never_scheduled to None, run_after=None
[2023-04-24T16:43:42.838+0000] {logging_mixin.py:120} INFO - [2023-04-24T16:43:42.838+0000] {dag.py:3340} INFO - Setting next_dagrun for dataset_consumes_unknown_never_scheduled to None, run_after=None
[2023-04-24T16:43:42.848+0000] {logging_mixin.py:120} INFO - [2023-04-24T16:43:42.848+0000] {dag.py:3340} INFO - Setting next_dagrun for dataset_produces_1 to 2023-04-23T00:00:00+00:00, run_after=2023-04-24T00:00:00+00:00
[2023-04-24T16:43:42.851+0000] {logging_mixin.py:120} INFO - [2023-04-24T16:43:42.851+0000] {dag.py:3340} INFO - Setting next_dagrun for dataset_produces_2 to None, run_after=None
[2023-04-24T16:43:42.928+0000] {processor.py:176} INFO - Processing /home/airflow/.local/lib/python3.7/site-packages/airflow/example_dags/example_datasets.py took 0.508 seconds
