[2023-04-24T16:43:05.469+0000] {processor.py:154} INFO - Started process (PID=43) to work on /home/airflow/.local/lib/python3.7/site-packages/airflow/example_dags/example_kubernetes_executor.py
[2023-04-24T16:43:05.471+0000] {processor.py:756} INFO - Processing file /home/airflow/.local/lib/python3.7/site-packages/airflow/example_dags/example_kubernetes_executor.py for tasks to queue
[2023-04-24T16:43:05.475+0000] {logging_mixin.py:120} INFO - [2023-04-24T16:43:05.473+0000] {dagbag.py:537} INFO - Filling up the DagBag from /home/airflow/.local/lib/python3.7/site-packages/airflow/example_dags/example_kubernetes_executor.py
[2023-04-24T16:43:05.579+0000] {processor.py:766} INFO - DAG(s) dict_keys(['example_kubernetes_executor']) retrieved from /home/airflow/.local/lib/python3.7/site-packages/airflow/example_dags/example_kubernetes_executor.py
[2023-04-24T16:43:05.721+0000] {logging_mixin.py:120} INFO - [2023-04-24T16:43:05.721+0000] {dag.py:2585} INFO - Sync 1 DAGs
[2023-04-24T16:43:05.800+0000] {logging_mixin.py:120} INFO - [2023-04-24T16:43:05.800+0000] {dag.py:3340} INFO - Setting next_dagrun for example_kubernetes_executor to None, run_after=None
[2023-04-24T16:43:05.866+0000] {processor.py:176} INFO - Processing /home/airflow/.local/lib/python3.7/site-packages/airflow/example_dags/example_kubernetes_executor.py took 0.404 seconds
[2023-04-24T16:43:36.494+0000] {processor.py:154} INFO - Started process (PID=96) to work on /home/airflow/.local/lib/python3.7/site-packages/airflow/example_dags/example_kubernetes_executor.py
[2023-04-24T16:43:36.497+0000] {processor.py:756} INFO - Processing file /home/airflow/.local/lib/python3.7/site-packages/airflow/example_dags/example_kubernetes_executor.py for tasks to queue
[2023-04-24T16:43:36.499+0000] {logging_mixin.py:120} INFO - [2023-04-24T16:43:36.499+0000] {dagbag.py:537} INFO - Filling up the DagBag from /home/airflow/.local/lib/python3.7/site-packages/airflow/example_dags/example_kubernetes_executor.py
[2023-04-24T16:43:36.584+0000] {processor.py:766} INFO - DAG(s) dict_keys(['example_kubernetes_executor']) retrieved from /home/airflow/.local/lib/python3.7/site-packages/airflow/example_dags/example_kubernetes_executor.py
[2023-04-24T16:43:36.638+0000] {logging_mixin.py:120} INFO - [2023-04-24T16:43:36.638+0000] {dag.py:2585} INFO - Sync 1 DAGs
[2023-04-24T16:43:36.674+0000] {logging_mixin.py:120} INFO - [2023-04-24T16:43:36.674+0000] {dag.py:3340} INFO - Setting next_dagrun for example_kubernetes_executor to None, run_after=None
[2023-04-24T16:43:36.729+0000] {processor.py:176} INFO - Processing /home/airflow/.local/lib/python3.7/site-packages/airflow/example_dags/example_kubernetes_executor.py took 0.244 seconds
[2023-04-24T16:44:07.308+0000] {processor.py:154} INFO - Started process (PID=150) to work on /home/airflow/.local/lib/python3.7/site-packages/airflow/example_dags/example_kubernetes_executor.py
[2023-04-24T16:44:07.314+0000] {processor.py:756} INFO - Processing file /home/airflow/.local/lib/python3.7/site-packages/airflow/example_dags/example_kubernetes_executor.py for tasks to queue
[2023-04-24T16:44:07.326+0000] {logging_mixin.py:120} INFO - [2023-04-24T16:44:07.325+0000] {dagbag.py:537} INFO - Filling up the DagBag from /home/airflow/.local/lib/python3.7/site-packages/airflow/example_dags/example_kubernetes_executor.py
[2023-04-24T16:44:07.424+0000] {processor.py:766} INFO - DAG(s) dict_keys(['example_kubernetes_executor']) retrieved from /home/airflow/.local/lib/python3.7/site-packages/airflow/example_dags/example_kubernetes_executor.py
[2023-04-24T16:44:07.575+0000] {logging_mixin.py:120} INFO - [2023-04-24T16:44:07.575+0000] {dag.py:2585} INFO - Sync 1 DAGs
[2023-04-24T16:44:07.655+0000] {logging_mixin.py:120} INFO - [2023-04-24T16:44:07.655+0000] {dag.py:3340} INFO - Setting next_dagrun for example_kubernetes_executor to None, run_after=None
[2023-04-24T16:44:07.717+0000] {processor.py:176} INFO - Processing /home/airflow/.local/lib/python3.7/site-packages/airflow/example_dags/example_kubernetes_executor.py took 0.422 seconds
