[2023-04-24T16:43:06.367+0000] {processor.py:154} INFO - Started process (PID=46) to work on /home/airflow/.local/lib/python3.7/site-packages/airflow/example_dags/example_short_circuit_operator.py
[2023-04-24T16:43:06.375+0000] {processor.py:756} INFO - Processing file /home/airflow/.local/lib/python3.7/site-packages/airflow/example_dags/example_short_circuit_operator.py for tasks to queue
[2023-04-24T16:43:06.381+0000] {logging_mixin.py:120} INFO - [2023-04-24T16:43:06.380+0000] {dagbag.py:537} INFO - Filling up the DagBag from /home/airflow/.local/lib/python3.7/site-packages/airflow/example_dags/example_short_circuit_operator.py
[2023-04-24T16:43:06.448+0000] {processor.py:766} INFO - DAG(s) dict_keys(['example_short_circuit_operator']) retrieved from /home/airflow/.local/lib/python3.7/site-packages/airflow/example_dags/example_short_circuit_operator.py
[2023-04-24T16:43:06.705+0000] {logging_mixin.py:120} INFO - [2023-04-24T16:43:06.705+0000] {dag.py:2585} INFO - Sync 1 DAGs
[2023-04-24T16:43:06.814+0000] {logging_mixin.py:120} INFO - [2023-04-24T16:43:06.813+0000] {dag.py:3340} INFO - Setting next_dagrun for example_short_circuit_operator to 2023-04-23T16:43:06.812010+00:00, run_after=2023-04-24T16:43:06.812010+00:00
[2023-04-24T16:43:06.947+0000] {processor.py:176} INFO - Processing /home/airflow/.local/lib/python3.7/site-packages/airflow/example_dags/example_short_circuit_operator.py took 0.594 seconds
[2023-04-24T16:43:37.120+0000] {processor.py:154} INFO - Started process (PID=98) to work on /home/airflow/.local/lib/python3.7/site-packages/airflow/example_dags/example_short_circuit_operator.py
[2023-04-24T16:43:37.127+0000] {processor.py:756} INFO - Processing file /home/airflow/.local/lib/python3.7/site-packages/airflow/example_dags/example_short_circuit_operator.py for tasks to queue
[2023-04-24T16:43:37.133+0000] {logging_mixin.py:120} INFO - [2023-04-24T16:43:37.133+0000] {dagbag.py:537} INFO - Filling up the DagBag from /home/airflow/.local/lib/python3.7/site-packages/airflow/example_dags/example_short_circuit_operator.py
[2023-04-24T16:43:37.183+0000] {processor.py:766} INFO - DAG(s) dict_keys(['example_short_circuit_operator']) retrieved from /home/airflow/.local/lib/python3.7/site-packages/airflow/example_dags/example_short_circuit_operator.py
[2023-04-24T16:43:37.307+0000] {logging_mixin.py:120} INFO - [2023-04-24T16:43:37.306+0000] {dag.py:2585} INFO - Sync 1 DAGs
[2023-04-24T16:43:37.410+0000] {logging_mixin.py:120} INFO - [2023-04-24T16:43:37.410+0000] {dag.py:3340} INFO - Setting next_dagrun for example_short_circuit_operator to 2023-04-23T16:43:37.409855+00:00, run_after=2023-04-24T16:43:37.409855+00:00
[2023-04-24T16:43:37.474+0000] {processor.py:176} INFO - Processing /home/airflow/.local/lib/python3.7/site-packages/airflow/example_dags/example_short_circuit_operator.py took 0.367 seconds
[2023-04-24T16:44:07.936+0000] {processor.py:154} INFO - Started process (PID=152) to work on /home/airflow/.local/lib/python3.7/site-packages/airflow/example_dags/example_short_circuit_operator.py
[2023-04-24T16:44:07.948+0000] {processor.py:756} INFO - Processing file /home/airflow/.local/lib/python3.7/site-packages/airflow/example_dags/example_short_circuit_operator.py for tasks to queue
[2023-04-24T16:44:07.951+0000] {logging_mixin.py:120} INFO - [2023-04-24T16:44:07.950+0000] {dagbag.py:537} INFO - Filling up the DagBag from /home/airflow/.local/lib/python3.7/site-packages/airflow/example_dags/example_short_circuit_operator.py
[2023-04-24T16:44:08.087+0000] {processor.py:766} INFO - DAG(s) dict_keys(['example_short_circuit_operator']) retrieved from /home/airflow/.local/lib/python3.7/site-packages/airflow/example_dags/example_short_circuit_operator.py
[2023-04-24T16:44:08.319+0000] {logging_mixin.py:120} INFO - [2023-04-24T16:44:08.318+0000] {dag.py:2585} INFO - Sync 1 DAGs
[2023-04-24T16:44:08.554+0000] {logging_mixin.py:120} INFO - [2023-04-24T16:44:08.553+0000] {dag.py:3340} INFO - Setting next_dagrun for example_short_circuit_operator to 2023-04-23T16:44:08.551842+00:00, run_after=2023-04-24T16:44:08.551842+00:00
[2023-04-24T16:44:08.648+0000] {processor.py:176} INFO - Processing /home/airflow/.local/lib/python3.7/site-packages/airflow/example_dags/example_short_circuit_operator.py took 0.726 seconds
