[2023-04-24T16:43:04.843+0000] {processor.py:154} INFO - Started process (PID=40) to work on /home/airflow/.local/lib/python3.7/site-packages/airflow/example_dags/example_complex.py
[2023-04-24T16:43:04.848+0000] {processor.py:756} INFO - Processing file /home/airflow/.local/lib/python3.7/site-packages/airflow/example_dags/example_complex.py for tasks to queue
[2023-04-24T16:43:04.850+0000] {logging_mixin.py:120} INFO - [2023-04-24T16:43:04.850+0000] {dagbag.py:537} INFO - Filling up the DagBag from /home/airflow/.local/lib/python3.7/site-packages/airflow/example_dags/example_complex.py
[2023-04-24T16:43:04.998+0000] {logging_mixin.py:120} INFO - [2023-04-24T16:43:04.972+0000] {taskmixin.py:205} WARNING - Dependency <Task(BashOperator): create_entry_group>, delete_entry_group already registered for DAG: example_complex
[2023-04-24T16:43:04.999+0000] {logging_mixin.py:120} INFO - [2023-04-24T16:43:04.999+0000] {taskmixin.py:205} WARNING - Dependency <Task(BashOperator): delete_entry_group>, create_entry_group already registered for DAG: example_complex
[2023-04-24T16:43:05.000+0000] {logging_mixin.py:120} INFO - [2023-04-24T16:43:05.000+0000] {taskmixin.py:205} WARNING - Dependency <Task(BashOperator): create_entry_gcs>, delete_entry already registered for DAG: example_complex
[2023-04-24T16:43:05.001+0000] {logging_mixin.py:120} INFO - [2023-04-24T16:43:05.001+0000] {taskmixin.py:205} WARNING - Dependency <Task(BashOperator): delete_entry>, create_entry_gcs already registered for DAG: example_complex
[2023-04-24T16:43:05.002+0000] {logging_mixin.py:120} INFO - [2023-04-24T16:43:05.002+0000] {taskmixin.py:205} WARNING - Dependency <Task(BashOperator): create_tag>, delete_tag already registered for DAG: example_complex
[2023-04-24T16:43:05.005+0000] {logging_mixin.py:120} INFO - [2023-04-24T16:43:05.004+0000] {taskmixin.py:205} WARNING - Dependency <Task(BashOperator): delete_tag>, create_tag already registered for DAG: example_complex
[2023-04-24T16:43:05.058+0000] {processor.py:766} INFO - DAG(s) dict_keys(['example_complex']) retrieved from /home/airflow/.local/lib/python3.7/site-packages/airflow/example_dags/example_complex.py
[2023-04-24T16:43:05.192+0000] {logging_mixin.py:120} INFO - [2023-04-24T16:43:05.192+0000] {dag.py:2585} INFO - Sync 1 DAGs
[2023-04-24T16:43:05.299+0000] {logging_mixin.py:120} INFO - [2023-04-24T16:43:05.298+0000] {dag.py:3340} INFO - Setting next_dagrun for example_complex to None, run_after=None
[2023-04-24T16:43:05.364+0000] {processor.py:176} INFO - Processing /home/airflow/.local/lib/python3.7/site-packages/airflow/example_dags/example_complex.py took 0.534 seconds
[2023-04-24T16:43:35.788+0000] {processor.py:154} INFO - Started process (PID=93) to work on /home/airflow/.local/lib/python3.7/site-packages/airflow/example_dags/example_complex.py
[2023-04-24T16:43:35.790+0000] {processor.py:756} INFO - Processing file /home/airflow/.local/lib/python3.7/site-packages/airflow/example_dags/example_complex.py for tasks to queue
[2023-04-24T16:43:35.792+0000] {logging_mixin.py:120} INFO - [2023-04-24T16:43:35.792+0000] {dagbag.py:537} INFO - Filling up the DagBag from /home/airflow/.local/lib/python3.7/site-packages/airflow/example_dags/example_complex.py
[2023-04-24T16:43:35.833+0000] {logging_mixin.py:120} INFO - [2023-04-24T16:43:35.833+0000] {taskmixin.py:205} WARNING - Dependency <Task(BashOperator): create_entry_group>, delete_entry_group already registered for DAG: example_complex
[2023-04-24T16:43:35.835+0000] {logging_mixin.py:120} INFO - [2023-04-24T16:43:35.835+0000] {taskmixin.py:205} WARNING - Dependency <Task(BashOperator): delete_entry_group>, create_entry_group already registered for DAG: example_complex
[2023-04-24T16:43:35.838+0000] {logging_mixin.py:120} INFO - [2023-04-24T16:43:35.837+0000] {taskmixin.py:205} WARNING - Dependency <Task(BashOperator): create_entry_gcs>, delete_entry already registered for DAG: example_complex
[2023-04-24T16:43:35.840+0000] {logging_mixin.py:120} INFO - [2023-04-24T16:43:35.839+0000] {taskmixin.py:205} WARNING - Dependency <Task(BashOperator): delete_entry>, create_entry_gcs already registered for DAG: example_complex
[2023-04-24T16:43:35.843+0000] {logging_mixin.py:120} INFO - [2023-04-24T16:43:35.842+0000] {taskmixin.py:205} WARNING - Dependency <Task(BashOperator): create_tag>, delete_tag already registered for DAG: example_complex
[2023-04-24T16:43:35.845+0000] {logging_mixin.py:120} INFO - [2023-04-24T16:43:35.845+0000] {taskmixin.py:205} WARNING - Dependency <Task(BashOperator): delete_tag>, create_tag already registered for DAG: example_complex
[2023-04-24T16:43:35.890+0000] {processor.py:766} INFO - DAG(s) dict_keys(['example_complex']) retrieved from /home/airflow/.local/lib/python3.7/site-packages/airflow/example_dags/example_complex.py
[2023-04-24T16:43:36.003+0000] {logging_mixin.py:120} INFO - [2023-04-24T16:43:36.003+0000] {dag.py:2585} INFO - Sync 1 DAGs
[2023-04-24T16:43:36.083+0000] {logging_mixin.py:120} INFO - [2023-04-24T16:43:36.083+0000] {dag.py:3340} INFO - Setting next_dagrun for example_complex to None, run_after=None
[2023-04-24T16:43:36.146+0000] {processor.py:176} INFO - Processing /home/airflow/.local/lib/python3.7/site-packages/airflow/example_dags/example_complex.py took 0.368 seconds
[2023-04-24T16:44:06.595+0000] {processor.py:154} INFO - Started process (PID=147) to work on /home/airflow/.local/lib/python3.7/site-packages/airflow/example_dags/example_complex.py
[2023-04-24T16:44:06.606+0000] {processor.py:756} INFO - Processing file /home/airflow/.local/lib/python3.7/site-packages/airflow/example_dags/example_complex.py for tasks to queue
[2023-04-24T16:44:06.612+0000] {logging_mixin.py:120} INFO - [2023-04-24T16:44:06.611+0000] {dagbag.py:537} INFO - Filling up the DagBag from /home/airflow/.local/lib/python3.7/site-packages/airflow/example_dags/example_complex.py
[2023-04-24T16:44:06.666+0000] {logging_mixin.py:120} INFO - [2023-04-24T16:44:06.665+0000] {taskmixin.py:205} WARNING - Dependency <Task(BashOperator): create_entry_group>, delete_entry_group already registered for DAG: example_complex
[2023-04-24T16:44:06.671+0000] {logging_mixin.py:120} INFO - [2023-04-24T16:44:06.670+0000] {taskmixin.py:205} WARNING - Dependency <Task(BashOperator): delete_entry_group>, create_entry_group already registered for DAG: example_complex
[2023-04-24T16:44:06.672+0000] {logging_mixin.py:120} INFO - [2023-04-24T16:44:06.672+0000] {taskmixin.py:205} WARNING - Dependency <Task(BashOperator): create_entry_gcs>, delete_entry already registered for DAG: example_complex
[2023-04-24T16:44:06.673+0000] {logging_mixin.py:120} INFO - [2023-04-24T16:44:06.673+0000] {taskmixin.py:205} WARNING - Dependency <Task(BashOperator): delete_entry>, create_entry_gcs already registered for DAG: example_complex
[2023-04-24T16:44:06.675+0000] {logging_mixin.py:120} INFO - [2023-04-24T16:44:06.674+0000] {taskmixin.py:205} WARNING - Dependency <Task(BashOperator): create_tag>, delete_tag already registered for DAG: example_complex
[2023-04-24T16:44:06.677+0000] {logging_mixin.py:120} INFO - [2023-04-24T16:44:06.677+0000] {taskmixin.py:205} WARNING - Dependency <Task(BashOperator): delete_tag>, create_tag already registered for DAG: example_complex
[2023-04-24T16:44:06.706+0000] {processor.py:766} INFO - DAG(s) dict_keys(['example_complex']) retrieved from /home/airflow/.local/lib/python3.7/site-packages/airflow/example_dags/example_complex.py
[2023-04-24T16:44:06.905+0000] {logging_mixin.py:120} INFO - [2023-04-24T16:44:06.904+0000] {dag.py:2585} INFO - Sync 1 DAGs
[2023-04-24T16:44:06.985+0000] {logging_mixin.py:120} INFO - [2023-04-24T16:44:06.985+0000] {dag.py:3340} INFO - Setting next_dagrun for example_complex to None, run_after=None
[2023-04-24T16:44:07.054+0000] {processor.py:176} INFO - Processing /home/airflow/.local/lib/python3.7/site-packages/airflow/example_dags/example_complex.py took 0.473 seconds
