[2023-04-24T16:43:04.914+0000] {processor.py:154} INFO - Started process (PID=41) to work on /home/airflow/.local/lib/python3.7/site-packages/airflow/example_dags/example_short_circuit_decorator.py
[2023-04-24T16:43:04.923+0000] {processor.py:756} INFO - Processing file /home/airflow/.local/lib/python3.7/site-packages/airflow/example_dags/example_short_circuit_decorator.py for tasks to queue
[2023-04-24T16:43:04.931+0000] {logging_mixin.py:120} INFO - [2023-04-24T16:43:04.929+0000] {dagbag.py:537} INFO - Filling up the DagBag from /home/airflow/.local/lib/python3.7/site-packages/airflow/example_dags/example_short_circuit_decorator.py
[2023-04-24T16:43:05.096+0000] {processor.py:766} INFO - DAG(s) dict_keys(['example_short_circuit_decorator']) retrieved from /home/airflow/.local/lib/python3.7/site-packages/airflow/example_dags/example_short_circuit_decorator.py
[2023-04-24T16:43:05.239+0000] {logging_mixin.py:120} INFO - [2023-04-24T16:43:05.239+0000] {dag.py:2585} INFO - Sync 1 DAGs
[2023-04-24T16:43:05.278+0000] {logging_mixin.py:120} INFO - [2023-04-24T16:43:05.278+0000] {dag.py:3340} INFO - Setting next_dagrun for example_short_circuit_decorator to 2023-04-23T16:43:05.278323+00:00, run_after=2023-04-24T16:43:05.278323+00:00
[2023-04-24T16:43:05.320+0000] {processor.py:176} INFO - Processing /home/airflow/.local/lib/python3.7/site-packages/airflow/example_dags/example_short_circuit_decorator.py took 0.428 seconds
[2023-04-24T16:43:35.813+0000] {processor.py:154} INFO - Started process (PID=94) to work on /home/airflow/.local/lib/python3.7/site-packages/airflow/example_dags/example_short_circuit_decorator.py
[2023-04-24T16:43:35.818+0000] {processor.py:756} INFO - Processing file /home/airflow/.local/lib/python3.7/site-packages/airflow/example_dags/example_short_circuit_decorator.py for tasks to queue
[2023-04-24T16:43:35.822+0000] {logging_mixin.py:120} INFO - [2023-04-24T16:43:35.821+0000] {dagbag.py:537} INFO - Filling up the DagBag from /home/airflow/.local/lib/python3.7/site-packages/airflow/example_dags/example_short_circuit_decorator.py
[2023-04-24T16:43:35.894+0000] {processor.py:766} INFO - DAG(s) dict_keys(['example_short_circuit_decorator']) retrieved from /home/airflow/.local/lib/python3.7/site-packages/airflow/example_dags/example_short_circuit_decorator.py
[2023-04-24T16:43:35.986+0000] {logging_mixin.py:120} INFO - [2023-04-24T16:43:35.986+0000] {dag.py:2585} INFO - Sync 1 DAGs
[2023-04-24T16:43:36.025+0000] {logging_mixin.py:120} INFO - [2023-04-24T16:43:36.025+0000] {dag.py:3340} INFO - Setting next_dagrun for example_short_circuit_decorator to 2023-04-23T16:43:36.025339+00:00, run_after=2023-04-24T16:43:36.025339+00:00
[2023-04-24T16:43:36.101+0000] {processor.py:176} INFO - Processing /home/airflow/.local/lib/python3.7/site-packages/airflow/example_dags/example_short_circuit_decorator.py took 0.303 seconds
[2023-04-24T16:44:06.621+0000] {processor.py:154} INFO - Started process (PID=148) to work on /home/airflow/.local/lib/python3.7/site-packages/airflow/example_dags/example_short_circuit_decorator.py
[2023-04-24T16:44:06.624+0000] {processor.py:756} INFO - Processing file /home/airflow/.local/lib/python3.7/site-packages/airflow/example_dags/example_short_circuit_decorator.py for tasks to queue
[2023-04-24T16:44:06.632+0000] {logging_mixin.py:120} INFO - [2023-04-24T16:44:06.632+0000] {dagbag.py:537} INFO - Filling up the DagBag from /home/airflow/.local/lib/python3.7/site-packages/airflow/example_dags/example_short_circuit_decorator.py
[2023-04-24T16:44:06.744+0000] {processor.py:766} INFO - DAG(s) dict_keys(['example_short_circuit_decorator']) retrieved from /home/airflow/.local/lib/python3.7/site-packages/airflow/example_dags/example_short_circuit_decorator.py
[2023-04-24T16:44:06.903+0000] {logging_mixin.py:120} INFO - [2023-04-24T16:44:06.903+0000] {dag.py:2585} INFO - Sync 1 DAGs
[2023-04-24T16:44:07.029+0000] {logging_mixin.py:120} INFO - [2023-04-24T16:44:07.029+0000] {dag.py:3340} INFO - Setting next_dagrun for example_short_circuit_decorator to 2023-04-23T16:44:07.028659+00:00, run_after=2023-04-24T16:44:07.028659+00:00
[2023-04-24T16:44:07.145+0000] {processor.py:176} INFO - Processing /home/airflow/.local/lib/python3.7/site-packages/airflow/example_dags/example_short_circuit_decorator.py took 0.548 seconds
