[2023-04-24T16:43:07.079+0000] {processor.py:154} INFO - Started process (PID=47) to work on /home/airflow/.local/lib/python3.7/site-packages/airflow/example_dags/example_latest_only.py
[2023-04-24T16:43:07.087+0000] {processor.py:756} INFO - Processing file /home/airflow/.local/lib/python3.7/site-packages/airflow/example_dags/example_latest_only.py for tasks to queue
[2023-04-24T16:43:07.095+0000] {logging_mixin.py:120} INFO - [2023-04-24T16:43:07.095+0000] {dagbag.py:537} INFO - Filling up the DagBag from /home/airflow/.local/lib/python3.7/site-packages/airflow/example_dags/example_latest_only.py
[2023-04-24T16:43:07.177+0000] {processor.py:766} INFO - DAG(s) dict_keys(['latest_only']) retrieved from /home/airflow/.local/lib/python3.7/site-packages/airflow/example_dags/example_latest_only.py
[2023-04-24T16:43:07.402+0000] {logging_mixin.py:120} INFO - [2023-04-24T16:43:07.402+0000] {dag.py:2585} INFO - Sync 1 DAGs
[2023-04-24T16:43:07.528+0000] {logging_mixin.py:120} INFO - [2023-04-24T16:43:07.528+0000] {dag.py:3340} INFO - Setting next_dagrun for latest_only to 2023-04-24T12:43:07.527740+00:00, run_after=2023-04-24T16:43:07.527740+00:00
[2023-04-24T16:43:07.623+0000] {processor.py:176} INFO - Processing /home/airflow/.local/lib/python3.7/site-packages/airflow/example_dags/example_latest_only.py took 0.555 seconds
[2023-04-24T16:43:38.093+0000] {processor.py:154} INFO - Started process (PID=100) to work on /home/airflow/.local/lib/python3.7/site-packages/airflow/example_dags/example_latest_only.py
[2023-04-24T16:43:38.095+0000] {processor.py:756} INFO - Processing file /home/airflow/.local/lib/python3.7/site-packages/airflow/example_dags/example_latest_only.py for tasks to queue
[2023-04-24T16:43:38.097+0000] {logging_mixin.py:120} INFO - [2023-04-24T16:43:38.097+0000] {dagbag.py:537} INFO - Filling up the DagBag from /home/airflow/.local/lib/python3.7/site-packages/airflow/example_dags/example_latest_only.py
[2023-04-24T16:43:38.189+0000] {processor.py:766} INFO - DAG(s) dict_keys(['latest_only']) retrieved from /home/airflow/.local/lib/python3.7/site-packages/airflow/example_dags/example_latest_only.py
[2023-04-24T16:43:38.495+0000] {logging_mixin.py:120} INFO - [2023-04-24T16:43:38.494+0000] {dag.py:2585} INFO - Sync 1 DAGs
[2023-04-24T16:43:38.574+0000] {logging_mixin.py:120} INFO - [2023-04-24T16:43:38.574+0000] {dag.py:3340} INFO - Setting next_dagrun for latest_only to 2023-04-24T12:43:38.574208+00:00, run_after=2023-04-24T16:43:38.574208+00:00
[2023-04-24T16:43:38.654+0000] {processor.py:176} INFO - Processing /home/airflow/.local/lib/python3.7/site-packages/airflow/example_dags/example_latest_only.py took 0.573 seconds
[2023-04-24T16:44:08.879+0000] {processor.py:154} INFO - Started process (PID=154) to work on /home/airflow/.local/lib/python3.7/site-packages/airflow/example_dags/example_latest_only.py
[2023-04-24T16:44:08.882+0000] {processor.py:756} INFO - Processing file /home/airflow/.local/lib/python3.7/site-packages/airflow/example_dags/example_latest_only.py for tasks to queue
[2023-04-24T16:44:08.889+0000] {logging_mixin.py:120} INFO - [2023-04-24T16:44:08.888+0000] {dagbag.py:537} INFO - Filling up the DagBag from /home/airflow/.local/lib/python3.7/site-packages/airflow/example_dags/example_latest_only.py
[2023-04-24T16:44:08.971+0000] {processor.py:766} INFO - DAG(s) dict_keys(['latest_only']) retrieved from /home/airflow/.local/lib/python3.7/site-packages/airflow/example_dags/example_latest_only.py
[2023-04-24T16:44:09.158+0000] {logging_mixin.py:120} INFO - [2023-04-24T16:44:09.158+0000] {dag.py:2585} INFO - Sync 1 DAGs
[2023-04-24T16:44:09.266+0000] {logging_mixin.py:120} INFO - [2023-04-24T16:44:09.266+0000] {dag.py:3340} INFO - Setting next_dagrun for latest_only to 2023-04-24T12:44:09.266443+00:00, run_after=2023-04-24T16:44:09.266443+00:00
[2023-04-24T16:44:09.398+0000] {processor.py:176} INFO - Processing /home/airflow/.local/lib/python3.7/site-packages/airflow/example_dags/example_latest_only.py took 0.598 seconds
