[2023-04-24T16:43:10.648+0000] {processor.py:154} INFO - Started process (PID=64) to work on /home/airflow/.local/lib/python3.7/site-packages/airflow/example_dags/example_python_operator.py
[2023-04-24T16:43:10.664+0000] {processor.py:756} INFO - Processing file /home/airflow/.local/lib/python3.7/site-packages/airflow/example_dags/example_python_operator.py for tasks to queue
[2023-04-24T16:43:10.666+0000] {logging_mixin.py:120} INFO - [2023-04-24T16:43:10.666+0000] {dagbag.py:537} INFO - Filling up the DagBag from /home/airflow/.local/lib/python3.7/site-packages/airflow/example_dags/example_python_operator.py
[2023-04-24T16:43:10.778+0000] {logging_mixin.py:120} INFO - [2023-04-24T16:43:10.771+0000] {taskmixin.py:205} WARNING - Dependency <Task(_PythonDecoratedOperator): print_the_context>, log_sql_query already registered for DAG: example_python_operator
[2023-04-24T16:43:10.780+0000] {logging_mixin.py:120} INFO - [2023-04-24T16:43:10.780+0000] {taskmixin.py:205} WARNING - Dependency <Task(_PythonDecoratedOperator): log_sql_query>, print_the_context already registered for DAG: example_python_operator
[2023-04-24T16:43:10.788+0000] {logging_mixin.py:120} INFO - [2023-04-24T16:43:10.786+0000] {taskmixin.py:205} WARNING - Dependency <Task(_PythonDecoratedOperator): print_the_context>, log_sql_query already registered for DAG: example_python_operator
[2023-04-24T16:43:10.794+0000] {logging_mixin.py:120} INFO - [2023-04-24T16:43:10.789+0000] {taskmixin.py:205} WARNING - Dependency <Task(_PythonDecoratedOperator): log_sql_query>, print_the_context already registered for DAG: example_python_operator
[2023-04-24T16:43:10.801+0000] {logging_mixin.py:120} INFO - [2023-04-24T16:43:10.799+0000] {taskmixin.py:205} WARNING - Dependency <Task(_PythonDecoratedOperator): print_the_context>, log_sql_query already registered for DAG: example_python_operator
[2023-04-24T16:43:10.803+0000] {logging_mixin.py:120} INFO - [2023-04-24T16:43:10.803+0000] {taskmixin.py:205} WARNING - Dependency <Task(_PythonDecoratedOperator): log_sql_query>, print_the_context already registered for DAG: example_python_operator
[2023-04-24T16:43:10.813+0000] {logging_mixin.py:120} INFO - [2023-04-24T16:43:10.812+0000] {taskmixin.py:205} WARNING - Dependency <Task(_PythonDecoratedOperator): print_the_context>, log_sql_query already registered for DAG: example_python_operator
[2023-04-24T16:43:10.818+0000] {logging_mixin.py:120} INFO - [2023-04-24T16:43:10.818+0000] {taskmixin.py:205} WARNING - Dependency <Task(_PythonDecoratedOperator): log_sql_query>, print_the_context already registered for DAG: example_python_operator
[2023-04-24T16:43:10.911+0000] {processor.py:766} INFO - DAG(s) dict_keys(['example_python_operator']) retrieved from /home/airflow/.local/lib/python3.7/site-packages/airflow/example_dags/example_python_operator.py
[2023-04-24T16:43:11.240+0000] {logging_mixin.py:120} INFO - [2023-04-24T16:43:11.240+0000] {dag.py:2585} INFO - Sync 1 DAGs
[2023-04-24T16:43:11.415+0000] {logging_mixin.py:120} INFO - [2023-04-24T16:43:11.415+0000] {dag.py:3340} INFO - Setting next_dagrun for example_python_operator to None, run_after=None
[2023-04-24T16:43:11.600+0000] {processor.py:176} INFO - Processing /home/airflow/.local/lib/python3.7/site-packages/airflow/example_dags/example_python_operator.py took 0.970 seconds
[2023-04-24T16:43:42.453+0000] {processor.py:154} INFO - Started process (PID=111) to work on /home/airflow/.local/lib/python3.7/site-packages/airflow/example_dags/example_python_operator.py
[2023-04-24T16:43:42.456+0000] {processor.py:756} INFO - Processing file /home/airflow/.local/lib/python3.7/site-packages/airflow/example_dags/example_python_operator.py for tasks to queue
[2023-04-24T16:43:42.458+0000] {logging_mixin.py:120} INFO - [2023-04-24T16:43:42.458+0000] {dagbag.py:537} INFO - Filling up the DagBag from /home/airflow/.local/lib/python3.7/site-packages/airflow/example_dags/example_python_operator.py
[2023-04-24T16:43:42.486+0000] {logging_mixin.py:120} INFO - [2023-04-24T16:43:42.485+0000] {taskmixin.py:205} WARNING - Dependency <Task(_PythonDecoratedOperator): print_the_context>, log_sql_query already registered for DAG: example_python_operator
[2023-04-24T16:43:42.497+0000] {logging_mixin.py:120} INFO - [2023-04-24T16:43:42.497+0000] {taskmixin.py:205} WARNING - Dependency <Task(_PythonDecoratedOperator): log_sql_query>, print_the_context already registered for DAG: example_python_operator
[2023-04-24T16:43:42.500+0000] {logging_mixin.py:120} INFO - [2023-04-24T16:43:42.500+0000] {taskmixin.py:205} WARNING - Dependency <Task(_PythonDecoratedOperator): print_the_context>, log_sql_query already registered for DAG: example_python_operator
[2023-04-24T16:43:42.502+0000] {logging_mixin.py:120} INFO - [2023-04-24T16:43:42.502+0000] {taskmixin.py:205} WARNING - Dependency <Task(_PythonDecoratedOperator): log_sql_query>, print_the_context already registered for DAG: example_python_operator
[2023-04-24T16:43:42.506+0000] {logging_mixin.py:120} INFO - [2023-04-24T16:43:42.505+0000] {taskmixin.py:205} WARNING - Dependency <Task(_PythonDecoratedOperator): print_the_context>, log_sql_query already registered for DAG: example_python_operator
[2023-04-24T16:43:42.507+0000] {logging_mixin.py:120} INFO - [2023-04-24T16:43:42.507+0000] {taskmixin.py:205} WARNING - Dependency <Task(_PythonDecoratedOperator): log_sql_query>, print_the_context already registered for DAG: example_python_operator
[2023-04-24T16:43:42.510+0000] {logging_mixin.py:120} INFO - [2023-04-24T16:43:42.510+0000] {taskmixin.py:205} WARNING - Dependency <Task(_PythonDecoratedOperator): print_the_context>, log_sql_query already registered for DAG: example_python_operator
[2023-04-24T16:43:42.512+0000] {logging_mixin.py:120} INFO - [2023-04-24T16:43:42.511+0000] {taskmixin.py:205} WARNING - Dependency <Task(_PythonDecoratedOperator): log_sql_query>, print_the_context already registered for DAG: example_python_operator
[2023-04-24T16:43:42.525+0000] {processor.py:766} INFO - DAG(s) dict_keys(['example_python_operator']) retrieved from /home/airflow/.local/lib/python3.7/site-packages/airflow/example_dags/example_python_operator.py
[2023-04-24T16:43:42.596+0000] {logging_mixin.py:120} INFO - [2023-04-24T16:43:42.596+0000] {dag.py:2585} INFO - Sync 1 DAGs
[2023-04-24T16:43:42.661+0000] {logging_mixin.py:120} INFO - [2023-04-24T16:43:42.661+0000] {dag.py:3340} INFO - Setting next_dagrun for example_python_operator to None, run_after=None
[2023-04-24T16:43:42.718+0000] {processor.py:176} INFO - Processing /home/airflow/.local/lib/python3.7/site-packages/airflow/example_dags/example_python_operator.py took 0.274 seconds
