[2023-04-24T16:43:05.408+0000] {processor.py:154} INFO - Started process (PID=42) to work on /home/airflow/.local/lib/python3.7/site-packages/airflow/example_dags/tutorial_taskflow_api.py
[2023-04-24T16:43:05.421+0000] {processor.py:756} INFO - Processing file /home/airflow/.local/lib/python3.7/site-packages/airflow/example_dags/tutorial_taskflow_api.py for tasks to queue
[2023-04-24T16:43:05.425+0000] {logging_mixin.py:120} INFO - [2023-04-24T16:43:05.424+0000] {dagbag.py:537} INFO - Filling up the DagBag from /home/airflow/.local/lib/python3.7/site-packages/airflow/example_dags/tutorial_taskflow_api.py
[2023-04-24T16:43:05.525+0000] {processor.py:766} INFO - DAG(s) dict_keys(['tutorial_taskflow_api']) retrieved from /home/airflow/.local/lib/python3.7/site-packages/airflow/example_dags/tutorial_taskflow_api.py
[2023-04-24T16:43:05.640+0000] {logging_mixin.py:120} INFO - [2023-04-24T16:43:05.640+0000] {dag.py:2585} INFO - Sync 1 DAGs
[2023-04-24T16:43:05.736+0000] {logging_mixin.py:120} INFO - [2023-04-24T16:43:05.736+0000] {dag.py:3340} INFO - Setting next_dagrun for tutorial_taskflow_api to None, run_after=None
[2023-04-24T16:43:05.785+0000] {processor.py:176} INFO - Processing /home/airflow/.local/lib/python3.7/site-packages/airflow/example_dags/tutorial_taskflow_api.py took 0.388 seconds
[2023-04-24T16:43:36.200+0000] {processor.py:154} INFO - Started process (PID=95) to work on /home/airflow/.local/lib/python3.7/site-packages/airflow/example_dags/tutorial_taskflow_api.py
[2023-04-24T16:43:36.203+0000] {processor.py:756} INFO - Processing file /home/airflow/.local/lib/python3.7/site-packages/airflow/example_dags/tutorial_taskflow_api.py for tasks to queue
[2023-04-24T16:43:36.205+0000] {logging_mixin.py:120} INFO - [2023-04-24T16:43:36.205+0000] {dagbag.py:537} INFO - Filling up the DagBag from /home/airflow/.local/lib/python3.7/site-packages/airflow/example_dags/tutorial_taskflow_api.py
[2023-04-24T16:43:36.248+0000] {processor.py:766} INFO - DAG(s) dict_keys(['tutorial_taskflow_api']) retrieved from /home/airflow/.local/lib/python3.7/site-packages/airflow/example_dags/tutorial_taskflow_api.py
[2023-04-24T16:43:36.315+0000] {logging_mixin.py:120} INFO - [2023-04-24T16:43:36.315+0000] {dag.py:2585} INFO - Sync 1 DAGs
[2023-04-24T16:43:36.391+0000] {logging_mixin.py:120} INFO - [2023-04-24T16:43:36.391+0000] {dag.py:3340} INFO - Setting next_dagrun for tutorial_taskflow_api to None, run_after=None
[2023-04-24T16:43:36.441+0000] {processor.py:176} INFO - Processing /home/airflow/.local/lib/python3.7/site-packages/airflow/example_dags/tutorial_taskflow_api.py took 0.246 seconds
[2023-04-24T16:44:07.227+0000] {processor.py:154} INFO - Started process (PID=149) to work on /home/airflow/.local/lib/python3.7/site-packages/airflow/example_dags/tutorial_taskflow_api.py
[2023-04-24T16:44:07.234+0000] {processor.py:756} INFO - Processing file /home/airflow/.local/lib/python3.7/site-packages/airflow/example_dags/tutorial_taskflow_api.py for tasks to queue
[2023-04-24T16:44:07.242+0000] {logging_mixin.py:120} INFO - [2023-04-24T16:44:07.240+0000] {dagbag.py:537} INFO - Filling up the DagBag from /home/airflow/.local/lib/python3.7/site-packages/airflow/example_dags/tutorial_taskflow_api.py
[2023-04-24T16:44:07.384+0000] {processor.py:766} INFO - DAG(s) dict_keys(['tutorial_taskflow_api']) retrieved from /home/airflow/.local/lib/python3.7/site-packages/airflow/example_dags/tutorial_taskflow_api.py
[2023-04-24T16:44:07.582+0000] {logging_mixin.py:120} INFO - [2023-04-24T16:44:07.582+0000] {dag.py:2585} INFO - Sync 1 DAGs
[2023-04-24T16:44:07.717+0000] {logging_mixin.py:120} INFO - [2023-04-24T16:44:07.717+0000] {dag.py:3340} INFO - Setting next_dagrun for tutorial_taskflow_api to None, run_after=None
[2023-04-24T16:44:07.827+0000] {processor.py:176} INFO - Processing /home/airflow/.local/lib/python3.7/site-packages/airflow/example_dags/tutorial_taskflow_api.py took 0.649 seconds
